<?xml version="1.0" encoding="UTF-8"?>
<!-- Generated by org.testng.reporters.JUnitReportReporter -->
<testsuite hostname="DESKTOP-I6F20TN" failures="0" tests="2" name="Tests.ChangeCurrencyTest" time="6.578" errors="0" timestamp="2022-05-16T15:35:04 EET" skipped="0">
  <testcase classname="Tests.ChangeCurrencyTest" name="UserCanChangeCurrency" time="1.248"/>
  <system-out/>
  <testcase classname="Tests.ChangeCurrencyTest" name="UserCanSearchWithAutoSuggest" time="5.330"/>
  <system-out/>
</testsuite> <!-- Tests.ChangeCurrencyTest -->
