<?xml version="1.0" encoding="UTF-8"?>
<!-- Generated by org.testng.reporters.JUnitReportReporter -->
<testsuite hostname="DESKTOP-I6F20TN" failures="0" tests="1" name="Tests.SearchProductUsingAutoSuggestTest" time="5.793" errors="0" timestamp="2022-05-16T09:00:54 EET" skipped="0">
  <testcase classname="Tests.SearchProductUsingAutoSuggestTest" name="UserCanSearchWithAutoSuggest" time="5.793"/>
  <system-out/>
</testsuite> <!-- Tests.SearchProductUsingAutoSuggestTest -->
