<?xml version="1.0" encoding="UTF-8"?>
<!-- Generated by org.testng.reporters.JUnitReportReporter -->
<testsuite hostname="DESKTOP-I6F20TN" failures="0" tests="1" name="Tests.ContectUsTest" time="2.520" errors="0" timestamp="2022-05-16T10:52:31 EET" skipped="0">
  <testcase classname="Tests.ContectUsTest" name="usercanusecontectuspage" time="2.520"/>
  <system-out/>
</testsuite> <!-- Tests.ContectUsTest -->
