<?xml version="1.0" encoding="UTF-8"?>
<!-- Generated by org.testng.reporters.JUnitReportReporter -->
<testsuite hostname="DESKTOP-I6F20TN" failures="0" tests="1" name="Tests.CompareTest" time="14.294" errors="0" timestamp="2022-05-19T18:50:49 EET" skipped="0">
  <testcase classname="Tests.CompareTest" name="UserCanSearchWithAutoSuggest" time="14.294"/>
  <system-out/>
</testsuite> <!-- Tests.CompareTest -->
