<?xml version="1.0" encoding="UTF-8"?>
<!-- Generated by org.testng.reporters.JUnitReportReporter -->
<testsuite hostname="DESKTOP-I6F20TN" failures="0" tests="3" name="Tests.UserRegisterationTest" time="6.816" errors="0" timestamp="2022-05-19T13:32:29 EET" skipped="0">
  <testcase classname="Tests.UserRegisterationTest" name="User_Can_log_out" time="1.234"/>
  <system-out/>
  <testcase classname="Tests.UserRegisterationTest" name="User_Can_log_in" time="2.014"/>
  <system-out/>
  <testcase classname="Tests.UserRegisterationTest" name="registerUserSuccessfully" time="3.568"/>
  <system-out/>
</testsuite> <!-- Tests.UserRegisterationTest -->
