<?xml version="1.0" encoding="UTF-8"?>
<!-- Generated by org.testng.reporters.JUnitReportReporter -->
<testsuite hostname="DESKTOP-I6F20TN" failures="0" tests="3" name="Tests.UserRegisterationTestwithDDTAandpropertiesfile" time="7.851" errors="0" timestamp="2022-05-23T15:00:17 EET" skipped="0">
  <testcase classname="Tests.UserRegisterationTestwithDDTAandpropertiesfile" name="User_Can_log_out" time="1.430"/>
  <system-out/>
  <testcase classname="Tests.UserRegisterationTestwithDDTAandpropertiesfile" name="User_Can_log_in" time="2.633"/>
  <system-out/>
  <testcase classname="Tests.UserRegisterationTestwithDDTAandpropertiesfile" name="registerUserSuccessfully" time="3.788"/>
  <system-out/>
</testsuite> <!-- Tests.UserRegisterationTestwithDDTAandpropertiesfile -->
