<?xml version="1.0" encoding="UTF-8"?>
<!-- Generated by org.testng.reporters.JUnitReportReporter -->
<testsuite hostname="DESKTOP-I6F20TN" failures="0" tests="3" name="Tests.UserRegisterationTest" time="6.800" errors="0" timestamp="2022-05-23T14:47:30 EET" skipped="0">
  <testcase classname="Tests.UserRegisterationTest" name="User_Can_log_out" time="1.161"/>
  <system-out/>
  <testcase classname="Tests.UserRegisterationTest" name="User_Can_log_in" time="2.322"/>
  <system-out/>
  <testcase classname="Tests.UserRegisterationTest" name="registerUserSuccessfully" time="3.317"/>
  <system-out/>
</testsuite> <!-- Tests.UserRegisterationTest -->
