<?xml version="1.0" encoding="UTF-8"?>
<!-- Generated by org.testng.reporters.JUnitReportReporter -->
<testsuite hostname="DESKTOP-I6F20TN" failures="0" tests="1" name="Tests.UserRegisterationTest2withCSV" time="21.543" errors="0" timestamp="2022-05-30T11:30:22 EET" skipped="0">
  <testcase classname="Tests.UserRegisterationTest2withCSV" name="registerUserSuccessfully" time="21.543"/>
  <system-out/>
</testsuite> <!-- Tests.UserRegisterationTest2withCSV -->
