<?xml version="1.0" encoding="UTF-8"?>
<!-- Generated by org.testng.reporters.JUnitReportReporter -->
<testsuite hostname="DESKTOP-I6F20TN" failures="0" tests="4" name="Tests.EmailFriendTest" time="12.279" errors="0" timestamp="2022-05-31T14:27:10 EET" skipped="0">
  <testcase classname="Tests.EmailFriendTest" name="registerUserSuccessfully" time="3.827"/>
  <system-out/>
  <testcase classname="Tests.EmailFriendTest" name="usercansearchforproduct" time="4.303"/>
  <system-out/>
  <testcase classname="Tests.EmailFriendTest" name="registerUserCanSendProductToFriend" time="2.382"/>
  <system-out/>
  <testcase classname="Tests.EmailFriendTest" name="User_Can_log_out" time="1.767"/>
  <system-out/>
</testsuite> <!-- Tests.EmailFriendTest -->
