<?xml version="1.0" encoding="UTF-8"?>
<!-- Generated by org.testng.reporters.JUnitReportReporter -->
<testsuite hostname="DESKTOP-I6F20TN" failures="0" tests="4" name="Tests.EmailFriendTest" time="11.979" errors="0" timestamp="2022-05-16T12:53:56 EET" skipped="0">
  <testcase classname="Tests.EmailFriendTest" name="registerUserSuccessfully" time="3.262"/>
  <system-out/>
  <testcase classname="Tests.EmailFriendTest" name="usercansearchforproduct" time="4.618"/>
  <system-out/>
  <testcase classname="Tests.EmailFriendTest" name="registerUserCanSendProductToFriend" time="2.649"/>
  <system-out/>
  <testcase classname="Tests.EmailFriendTest" name="User_Can_log_out" time="1.450"/>
  <system-out/>
</testsuite> <!-- Tests.EmailFriendTest -->
