<?xml version="1.0" encoding="UTF-8"?>
<!-- Generated by org.testng.reporters.JUnitReportReporter -->
<testsuite hostname="DESKTOP-I6F20TN" failures="0" tests="1" name="Tests.searchTest" time="5.597" errors="0" timestamp="2022-05-19T10:29:35 EET" skipped="0">
  <testcase classname="Tests.searchTest" name="usercansearchforproduct" time="5.597"/>
  <system-out/>
</testsuite> <!-- Tests.searchTest -->
